#
# There is insufficient memory for the Java Runtime Environment to continue.
# Native memory allocation (malloc) failed to allocate 1048576 bytes for AllocateHeap
# Possible reasons:
#   The system is out of physical RAM or swap space
#   In 32 bit mode, the process size limit was hit
# Possible solutions:
#   Reduce memory load on the system
#   Increase physical memory or swap space
#   Check if swap backing store is full
#   Use 64 bit Java on a 64 bit OS
#   Decrease Java heap size (-Xmx/-Xms)
#   Decrease number of Java threads
#   Decrease Java thread stack sizes (-Xss)
#   Set larger code cache with -XX:ReservedCodeCacheSize=
# This output file may be truncated or incomplete.
#
#  Out of Memory Error (memory/allocation.inline.hpp:61), pid=24968, tid=15300
#
# JRE version:  (8.0_73-b02) (build )
# Java VM: Java HotSpot(TM) 64-Bit Server VM (25.73-b02 mixed mode windows-amd64 compressed oops)
# Failed to write core dump. Minidumps are not enabled by default on client versions of Windows
#

---------------  T H R E A D  ---------------

Current thread (0x00000000035b3000):  JavaThread "Unknown thread" [_thread_in_vm, id=15300, stack(0x0000000002f40000,0x0000000003040000)]

Stack: [0x0000000002f40000,0x0000000003040000]
[error occurred during error reporting (printing stack bounds), id 0xc0000005]

Native frames: (J=compiled Java code, j=interpreted, Vv=VM code, C=native code)


---------------  P R O C E S S  ---------------

Java Threads: ( => current thread )

Other Threads:

=>0x00000000035b3000 (exited) JavaThread "Unknown thread" [_thread_in_vm, id=15300, stack(0x0000000002f40000,0x0000000003040000)]

VM state:not at safepoint (normal execution)

VM Mutex/Monitor currently owned by a thread: None

Heap:
 PSYoungGen      total 152576K, used 2621K [0x0000000716300000, 0x0000000720d00000, 0x00000007c0000000)
  eden space 131072K, 2% used [0x0000000716300000,0x000000071658f5d0,0x000000071e300000)
  from space 21504K, 0% used [0x000000071f800000,0x000000071f800000,0x0000000720d00000)
  to   space 21504K, 0% used [0x000000071e300000,0x000000071e300000,0x000000071f800000)
 ParOldGen       total 348160K, used 0K [0x00000005c2800000, 0x00000005d7c00000, 0x0000000716300000)
  object space 348160K, 0% used [0x00000005c2800000,0x00000005c2800000,0x00000005d7c00000)
 Metaspace       used 769K, capacity 4480K, committed 4480K, reserved 1056768K
  class space    used 75K, capacity 384K, committed 384K, reserved 1048576K

Card table byte_map: [0x0000000012a70000,0x0000000013a60000] byte_map_base: 0x000000000fc5c000

Marking Bits: (ParMarkBitMap*) 0x0000000069a70600
 Begin Bits: [0x0000000014d00000, 0x000000001cc60000)
 End Bits:   [0x000000001cc60000, 0x0000000024bc0000)

Polling page: 0x0000000001260000

CodeCache: size=245760Kb used=328Kb max_used=328Kb free=245431Kb
 bounds [0x00000000036b0000, 0x0000000003920000, 0x00000000126b0000]
 total_blobs=57 nmethods=0 adapters=37
 compilation: enabled

Compilation events (0 events):
No events

GC Heap History (0 events):
No events

Deoptimization events (0 events):
No events

Internal exceptions (0 events):
No events

Events (10 events):
Event: 0.043 loading class java/lang/Short
Event: 0.043 loading class java/lang/Short done
Event: 0.043 loading class java/lang/Integer
Event: 0.043 loading class java/lang/Integer done
Event: 0.043 loading class java/lang/Long
Event: 0.043 loading class java/lang/Long done
Event: 0.044 loading class java/lang/NullPointerException
Event: 0.044 loading class java/lang/NullPointerException done
Event: 0.044 loading class java/lang/ArithmeticException
Event: 0.044 loading class java/lang/ArithmeticException done


Dynamic libraries:
0x00007ff7aa0c0000 - 0x00007ff7aa0f7000 	E:\opensource\Java\jdk1.8.0_73\bin\java.exe
0x00007ff8957d0000 - 0x00007ff8959c8000 	C:\Windows\SYSTEM32\ntdll.dll
0x00007ff895000000 - 0x00007ff8950bd000 	C:\Windows\System32\KERNEL32.DLL
0x00007ff893240000 - 0x00007ff89350e000 	C:\Windows\System32\KERNELBASE.dll
0x00007ff8940b0000 - 0x00007ff89415e000 	C:\Windows\System32\ADVAPI32.dll
0x00007ff8946f0000 - 0x00007ff89478e000 	C:\Windows\System32\msvcrt.dll
0x00007ff894650000 - 0x00007ff8946ec000 	C:\Windows\System32\sechost.dll
0x00007ff894790000 - 0x00007ff8948b5000 	C:\Windows\System32\RPCRT4.dll
0x00007ff894d10000 - 0x00007ff894eb0000 	C:\Windows\System32\USER32.dll
0x00007ff893560000 - 0x00007ff893582000 	C:\Windows\System32\win32u.dll
0x00007ff895760000 - 0x00007ff89578a000 	C:\Windows\System32\GDI32.dll
0x00007ff893130000 - 0x00007ff89323b000 	C:\Windows\System32\gdi32full.dll
0x00007ff893590000 - 0x00007ff89362d000 	C:\Windows\System32\msvcp_win.dll
0x00007ff8936c0000 - 0x00007ff8937c0000 	C:\Windows\System32\ucrtbase.dll
0x00007ff87e020000 - 0x00007ff87e2ba000 	C:\Windows\WinSxS\amd64_microsoft.windows.common-controls_6595b64144ccf1df_6.0.19041.1110_none_60b5254171f9507e\COMCTL32.dll
0x00007ff8955b0000 - 0x00007ff8955e0000 	C:\Windows\System32\IMM32.DLL
0x000000006a210000 - 0x000000006a2e2000 	E:\opensource\Java\jdk1.8.0_73\jre\bin\msvcr100.dll
0x0000000069260000 - 0x0000000069af0000 	E:\opensource\Java\jdk1.8.0_73\jre\bin\server\jvm.dll
0x00007ff8948d0000 - 0x00007ff8948d8000 	C:\Windows\System32\PSAPI.DLL
0x00007ff88e080000 - 0x00007ff88e089000 	C:\Windows\SYSTEM32\WSOCK32.dll
0x00007ff8948e0000 - 0x00007ff89494b000 	C:\Windows\System32\WS2_32.dll
0x00007ff88bf80000 - 0x00007ff88bf8a000 	C:\Windows\SYSTEM32\VERSION.dll
0x00007ff87bcd0000 - 0x00007ff87bcf7000 	C:\Windows\SYSTEM32\WINMM.dll
0x000000006a200000 - 0x000000006a20f000 	E:\opensource\Java\jdk1.8.0_73\jre\bin\verify.dll
0x000000006a1d0000 - 0x000000006a1f9000 	E:\opensource\Java\jdk1.8.0_73\jre\bin\java.dll
0x000000006a180000 - 0x000000006a1a3000 	E:\opensource\Java\jdk1.8.0_73\jre\bin\instrument.dll
0x000000006a1b0000 - 0x000000006a1c6000 	E:\opensource\Java\jdk1.8.0_73\jre\bin\zip.dll

VM Arguments:
jvm_args: -javaagent:C:\soft\IntelliJ IDEA 2021.1\lib\idea_rt.jar=57345:C:\soft\IntelliJ IDEA 2021.1\bin -Dfile.encoding=UTF-8 
java_command: cn.wolfcode.udf.Ip2Loc
java_class_path (initial): E:\opensource\Java\jdk1.8.0_73\jre\lib\charsets.jar;E:\opensource\Java\jdk1.8.0_73\jre\lib\deploy.jar;E:\opensource\Java\jdk1.8.0_73\jre\lib\ext\access-bridge-64.jar;E:\opensource\Java\jdk1.8.0_73\jre\lib\ext\cldrdata.jar;E:\opensource\Java\jdk1.8.0_73\jre\lib\ext\dnsns.jar;E:\opensource\Java\jdk1.8.0_73\jre\lib\ext\jaccess.jar;E:\opensource\Java\jdk1.8.0_73\jre\lib\ext\jfxrt.jar;E:\opensource\Java\jdk1.8.0_73\jre\lib\ext\localedata.jar;E:\opensource\Java\jdk1.8.0_73\jre\lib\ext\nashorn.jar;E:\opensource\Java\jdk1.8.0_73\jre\lib\ext\sunec.jar;E:\opensource\Java\jdk1.8.0_73\jre\lib\ext\sunjce_provider.jar;E:\opensource\Java\jdk1.8.0_73\jre\lib\ext\sunmscapi.jar;E:\opensource\Java\jdk1.8.0_73\jre\lib\ext\sunpkcs11.jar;E:\opensource\Java\jdk1.8.0_73\jre\lib\ext\zipfs.jar;E:\opensource\Java\jdk1.8.0_73\jre\lib\javaws.jar;E:\opensource\Java\jdk1.8.0_73\jre\lib\jce.jar;E:\opensource\Java\jdk1.8.0_73\jre\lib\jfr.jar;E:\opensource\Java\jdk1.8.0_73\jre\lib\jfxswt.jar;E:\opensource\Java\jdk1.8.0_73\jre\lib\jsse.jar;E:\opensource\Java\jdk1.8.0_73\jre\lib\management-agent.jar;E:\opensource\Java\jdk1.8.0_73\jre\lib\plugin.jar;E:\opensource\Java\jdk1.8.0_73\jre\lib\resources.jar;E:\opensource\Java\jdk1.8.0_73\jre\lib\rt.jar;D:\src\hive_udf_custom\target\classes;C:\Users\Administrator\.m2\repository\org\slf4j\slf4j-api\1.7.10\slf4j-api-1.7.10.jar;C:\Users\Administrator\.m2\repository\redis\clients\jedis\3.3.0\jedis-3.3.0.jar;C:\Users\Administrator\.m2\repository\org\apache\commons\commons-pool2\2.6.2\commons-pool2-2.6.2.jar;C:\Users\Administrator\.m2\repository\com\alibaba\fastjson2\fastjson2\2.0.1\fastjson2-2.0.1.jar;C:\soft\IntelliJ IDEA 2021.1\lib\idea_rt.jar
Launcher Type: SUN_STANDARD

Environment Variables:
JAVA_HOME=E:\opensource\Java\jdk1.8.0_73
PATH=C:\soft\Python37\Scripts\;C:\soft\Python37\;C:\Python39\Scripts\;C:\Python39\;C:\Python37\Scripts\;C:\Python37\;C:\Windows\system32;C:\Windows;C:\Windows\System32\Wbem;C:\Windows\System32\WindowsPowerShell\v1.0\;C:\Windows\System32\OpenSSH\;C:\Program Files\Git\cmd;C:\Program Files\MySQL\MySQL Shell 8.0\bin\;%USERPROFILE%\AppData\Local\Microsoft\WindowsApps;%JAVA_HOME%\bin;%MAVEN_HOME%\bin;C:\Users\Administrator\AppData\Local\Programs\Microsoft VS Code\bin;C:\Users\Administrator\pip\pip.ini;C:\Program Files (x86)\Tencent\QQGameTempest\Hall.57821\
USERNAME=Administrator
OS=Windows_NT
PROCESSOR_IDENTIFIER=Intel64 Family 6 Model 158 Stepping 9, GenuineIntel



---------------  S Y S T E M  ---------------

OS: Windows 10.0 , 64 bit Build 19041 (10.0.19041.1889)

CPU:total 8 (4 cores per cpu, 2 threads per core) family 6 model 158 stepping 9, cmov, cx8, fxsr, mmx, sse, sse2, sse3, ssse3, sse4.1, sse4.2, popcnt, avx, avx2, aes, clmul, erms, 3dnowpref, lzcnt, ht, tsc, tscinvbit, bmi1, bmi2, adx

Memory: 4k page, physical 33387032k(2148844k free), swap 46494228k(5956k free)

vm_info: Java HotSpot(TM) 64-Bit Server VM (25.73-b02) for windows-amd64 JRE (1.8.0_73-b02), built on Jan 29 2016 17:38:49 by "java_re" with MS VC++ 10.0 (VS2010)

time: Tue Aug 23 11:20:48 2022
elapsed time: 0 seconds (0d 0h 0m 0s)

